<?xml version="1.0" encoding="UTF-8"?>
<testng-results skipped="0" failed="0" ignored="0" total="1" passed="1">
  <reporter-output>
  </reporter-output>
  <suite name="Default suite" duration-ms="10784" started-at="2020-10-29T06:49:32Z" finished-at="2020-10-29T06:49:43Z">
    <groups>
    </groups>
    <test name="Default test" duration-ms="10784" started-at="2020-10-29T06:49:32Z" finished-at="2020-10-29T06:49:43Z">
      <class name="com.storeboard.tests.CreatingProfile">
        <test-method status="PASS" signature="openBrowser()[pri:0, instance:com.storeboard.tests.CreatingProfile@1593948d]" name="openBrowser" is-config="true" duration-ms="10734" started-at="2020-10-29T12:19:32Z" finished-at="2020-10-29T12:19:42Z">
          <reporter-output>
          </reporter-output>
        </test-method> <!-- openBrowser -->
        <test-method status="PASS" signature="login()[pri:0, instance:com.storeboard.tests.CreatingProfile@1593948d]" name="login" duration-ms="15" started-at="2020-10-29T12:19:42Z" finished-at="2020-10-29T12:19:42Z">
          <reporter-output>
          </reporter-output>
        </test-method> <!-- login -->
      </class> <!-- com.storeboard.tests.CreatingProfile -->
    </test> <!-- Default test -->
  </suite> <!-- Default suite -->
</testng-results>
